#
# There is insufficient memory for the Java Runtime Environment to continue.
# Native memory allocation (mmap) failed to map 536870912 bytes for G1 virtual space
# Possible reasons:
#   The system is out of physical RAM or swap space
#   The process is running with CompressedOops enabled, and the Java Heap may be blocking the growth of the native heap
# Possible solutions:
#   Reduce memory load on the system
#   Increase physical memory or swap space
#   Check if swap backing store is full
#   Decrease Java heap size (-Xmx/-Xms)
#   Decrease number of Java threads
#   Decrease Java thread stack sizes (-Xss)
#   Set larger code cache with -XX:ReservedCodeCacheSize=
#   JVM is running with Zero Based Compressed Oops mode in which the Java heap is
#     placed in the first 32GB address space. The Java Heap base address is the
#     maximum limit for the native heap growth. Please use -XX:HeapBaseMinAddress
#     to set the Java Heap base and to place the Java Heap above 32GB virtual address.
# This output file may be truncated or incomplete.
#
#  Out of Memory Error (os_windows.cpp:3760), pid=15944, tid=8564
#
# JRE version:  (17.0.5+1) (build )
# Java VM: OpenJDK 64-Bit Server VM (17.0.5+1-b653.25, mixed mode, sharing, tiered, compressed oops, compressed class ptrs, g1 gc, windows-amd64)
# No core dump will be written. Minidumps are not enabled by default on client versions of Windows
#

---------------  S U M M A R Y ------------

Command Line: git4idea.http.GitAskPassApp Username for 'https://github.com': 

Host: 12th Gen Intel(R) Core(TM) i7-12700K, 20 cores, 31G,  Windows 11 , 64 bit Build 22621 (10.0.22621.1485)
Time: Mon Sep 18 23:06:59 2023  Windows 11 , 64 bit Build 22621 (10.0.22621.1485) elapsed time: 0.005118 seconds (0d 0h 0m 0s)

---------------  T H R E A D  ---------------

Current thread (0x0000027fa4d9dfb0):  JavaThread "Unknown thread" [_thread_in_vm, id=8564, stack(0x000000ad27400000,0x000000ad27500000)]

Stack: [0x000000ad27400000,0x000000ad27500000]
Native frames: (J=compiled Java code, j=interpreted, Vv=VM code, C=native code)
V  [jvm.dll+0x6830ca]
V  [jvm.dll+0x83f4c4]
V  [jvm.dll+0x840c6e]
V  [jvm.dll+0x8412d3]
V  [jvm.dll+0x2490b5]
V  [jvm.dll+0x67ff99]
V  [jvm.dll+0x6744aa]
V  [jvm.dll+0x308f2b]
V  [jvm.dll+0x3103e6]
V  [jvm.dll+0x36013e]
V  [jvm.dll+0x36036f]
V  [jvm.dll+0x2df018]
V  [jvm.dll+0x2dff84]
V  [jvm.dll+0x810d91]
V  [jvm.dll+0x36df31]
V  [jvm.dll+0x7f028c]
V  [jvm.dll+0x3f0cbf]
V  [jvm.dll+0x3f2801]
C  [jli.dll+0x526b]
C  [ucrtbase.dll+0x29363]
C  [KERNEL32.DLL+0x1269d]
C  [ntdll.dll+0x5a9f8]


---------------  P R O C E S S  ---------------

Threads class SMR info:
_java_thread_list=0x00007ff8c9128f98, length=0, elements={
}

Java Threads: ( => current thread )

Other Threads:
  0x0000027fa4e4a2f0 GCTaskThread "GC Thread#0" [stack: 0x000000ad27500000,0x000000ad27600000] [id=8568]
  0x0000027fa4e5b1e0 ConcurrentGCThread "G1 Main Marker" [stack: 0x000000ad27600000,0x000000ad27700000] [id=8652]
  0x0000027fa4e5d3a0 ConcurrentGCThread "G1 Conc#0" [stack: 0x000000ad27700000,0x000000ad27800000] [id=8524]

[error occurred during error reporting (printing all threads), id 0xc0000005, EXCEPTION_ACCESS_VIOLATION (0xc0000005) at pc=0x00007ff8c88dfbd7]

VM state: not at safepoint (not fully initialized)

VM Mutex/Monitor currently owned by a thread:  ([mutex/lock_event])
[0x0000027fa4d99810] Heap_lock - owner thread: 0x0000027fa4d9dfb0

Heap address: 0x0000000603800000, size: 8136 MB, Compressed Oops mode: Zero based, Oop shift amount: 3

CDS archive(s) mapped at: [0x0000000000000000-0x0000000000000000-0x0000000000000000), size 0, SharedBaseAddress: 0x0000000800000000, ArchiveRelocationMode: 0.
Narrow klass base: 0x0000000000000000, Narrow klass shift: 0, Narrow klass range: 0x0

GC Precious Log:
<Empty>

Heap:
 garbage-first heap   total 0K, used 0K [0x0000000603800000, 0x0000000800000000)
  region size 4096K, 0 young (0K), 0 survivors (0K)

[error occurred during error reporting (printing heap information), id 0xc0000005, EXCEPTION_ACCESS_VIOLATION (0xc0000005) at pc=0x00007ff8c8cccd59]

GC Heap History (0 events):
No events

Dll operation events (1 events):
Event: 0.003 Loaded shared library C:\Program Files\JetBrains\PyCharm 2022.3.2\jbr\bin\java.dll

Deoptimization events (0 events):
No events

Classes unloaded (0 events):
No events

Classes redefined (0 events):
No events

Internal exceptions (0 events):
No events

VM Operations (0 events):
No events

Events (0 events):
No events


Dynamic libraries:
0x00007ff73f140000 - 0x00007ff73f14a000 	C:\Program Files\JetBrains\PyCharm 2022.3.2\jbr\bin\java.exe
0x00007ff949d50000 - 0x00007ff949f64000 	C:\Windows\SYSTEM32\ntdll.dll
0x00007ff948df0000 - 0x00007ff948eb2000 	C:\Windows\System32\KERNEL32.DLL
0x00007ff947420000 - 0x00007ff9477bc000 	C:\Windows\System32\KERNELBASE.dll
0x00007ff947a40000 - 0x00007ff947b51000 	C:\Windows\System32\ucrtbase.dll
0x00007ff921e90000 - 0x00007ff921ea7000 	C:\Program Files\JetBrains\PyCharm 2022.3.2\jbr\bin\jli.dll
0x00007ff948b00000 - 0x00007ff948cab000 	C:\Windows\System32\USER32.dll
0x00007ff947990000 - 0x00007ff9479b6000 	C:\Windows\System32\win32u.dll
0x00007ff9491d0000 - 0x00007ff9491f9000 	C:\Windows\System32\GDI32.dll
0x00007ff947190000 - 0x00007ff9472a3000 	C:\Windows\System32\gdi32full.dll
0x00007ff9216e0000 - 0x00007ff9216fb000 	C:\Program Files\JetBrains\PyCharm 2022.3.2\jbr\bin\VCRUNTIME140.dll
0x00007ff9478f0000 - 0x00007ff94798a000 	C:\Windows\System32\msvcp_win.dll
0x00007ff935520000 - 0x00007ff9357ae000 	C:\Windows\WinSxS\amd64_microsoft.windows.common-controls_6595b64144ccf1df_6.0.22621.608_none_a9444ca7c10bb01d\COMCTL32.dll
0x00007ff949470000 - 0x00007ff949517000 	C:\Windows\System32\msvcrt.dll
0x00007ff949430000 - 0x00007ff949461000 	C:\Windows\System32\IMM32.DLL
0x00007ff944440000 - 0x00007ff94444c000 	C:\Program Files\JetBrains\PyCharm 2022.3.2\jbr\bin\vcruntime140_1.dll
0x00007ff8e7ae0000 - 0x00007ff8e7b6d000 	C:\Program Files\JetBrains\PyCharm 2022.3.2\jbr\bin\msvcp140.dll
0x00007ff8c85f0000 - 0x00007ff8c925b000 	C:\Program Files\JetBrains\PyCharm 2022.3.2\jbr\bin\server\jvm.dll
0x00007ff948d40000 - 0x00007ff948dee000 	C:\Windows\System32\ADVAPI32.dll
0x00007ff948170000 - 0x00007ff948214000 	C:\Windows\System32\sechost.dll
0x00007ff947b60000 - 0x00007ff947c77000 	C:\Windows\System32\RPCRT4.dll
0x00007ff9424b0000 - 0x00007ff9424b9000 	C:\Windows\SYSTEM32\WSOCK32.dll
0x00007ff9492e0000 - 0x00007ff949351000 	C:\Windows\System32\WS2_32.dll
0x00007ff93c180000 - 0x00007ff93c1b4000 	C:\Windows\SYSTEM32\WINMM.dll
0x00007ff942260000 - 0x00007ff94226a000 	C:\Windows\SYSTEM32\VERSION.dll
0x00007ff946290000 - 0x00007ff9462a8000 	C:\Windows\SYSTEM32\kernel.appcore.dll
0x00007ff939400000 - 0x00007ff93940a000 	C:\Program Files\JetBrains\PyCharm 2022.3.2\jbr\bin\jimage.dll
0x00007ff93b5c0000 - 0x00007ff93b7ee000 	C:\Windows\SYSTEM32\DBGHELP.DLL
0x00007ff947d80000 - 0x00007ff948109000 	C:\Windows\System32\combase.dll
0x00007ff949200000 - 0x00007ff9492d7000 	C:\Windows\System32\OLEAUT32.dll
0x00007ff920f90000 - 0x00007ff920fc2000 	C:\Windows\SYSTEM32\dbgcore.DLL
0x00007ff9479c0000 - 0x00007ff947a3b000 	C:\Windows\System32\bcryptPrimitives.dll
0x00007ff92a0c0000 - 0x00007ff92a0e5000 	C:\Program Files\JetBrains\PyCharm 2022.3.2\jbr\bin\java.dll

dbghelp: loaded successfully - version: 4.0.5 - missing functions: none
symbol engine: initialized successfully - sym options: 0x614 - pdb path: .;C:\Program Files\JetBrains\PyCharm 2022.3.2\jbr\bin;C:\Windows\SYSTEM32;C:\Windows\WinSxS\amd64_microsoft.windows.common-controls_6595b64144ccf1df_6.0.22621.608_none_a9444ca7c10bb01d;C:\Program Files\JetBrains\PyCharm 2022.3.2\jbr\bin\server

VM Arguments:
java_command: git4idea.http.GitAskPassApp Username for 'https://github.com': 
java_class_path (initial): C:/Program Files/JetBrains/PyCharm 2022.3.2/plugins/vcs-git/lib/git4idea-rt.jar;C:/Program Files/JetBrains/PyCharm 2022.3.2/lib/externalProcess-rt.jar;C:/Program Files/JetBrains/PyCharm 2022.3.2/lib/app.jar;C:/Program Files/JetBrains/PyCharm 2022.3.2/lib/3rd-party-rt.jar
Launcher Type: SUN_STANDARD

[Global flags]
     intx CICompilerCount                          = 12                                        {product} {ergonomic}
     uint ConcGCThreads                            = 4                                         {product} {ergonomic}
     uint G1ConcRefinementThreads                  = 15                                        {product} {ergonomic}
   size_t G1HeapRegionSize                         = 4194304                                   {product} {ergonomic}
    uintx GCDrainStackTargetSize                   = 64                                        {product} {ergonomic}
   size_t InitialHeapSize                          = 536870912                                 {product} {ergonomic}
   size_t MarkStackSize                            = 4194304                                   {product} {ergonomic}
   size_t MaxHeapSize                              = 8531214336                                {product} {ergonomic}
   size_t MinHeapDeltaBytes                        = 4194304                                   {product} {ergonomic}
   size_t MinHeapSize                              = 8388608                                   {product} {ergonomic}
    uintx NonNMethodCodeHeapSize                   = 7602480                                {pd product} {ergonomic}
    uintx NonProfiledCodeHeapSize                  = 122027880                              {pd product} {ergonomic}
    uintx ProfiledCodeHeapSize                     = 122027880                              {pd product} {ergonomic}
    uintx ReservedCodeCacheSize                    = 251658240                              {pd product} {ergonomic}
     bool SegmentedCodeCache                       = true                                      {product} {ergonomic}
   size_t SoftMaxHeapSize                          = 8531214336                             {manageable} {ergonomic}
     bool UseCompressedClassPointers               = true                           {product lp64_product} {ergonomic}
     bool UseCompressedOops                        = true                           {product lp64_product} {ergonomic}
     bool UseG1GC                                  = true                                      {product} {ergonomic}
     bool UseLargePagesIndividualAllocation        = false                                  {pd product} {ergonomic}

Logging:
Log output configuration:
 #0: stdout all=warning uptime,level,tags
 #1: stderr all=off uptime,level,tags

Environment Variables:
PATH=C:\Program Files\Git\mingw64\libexec\git-core;C:\Program Files\Git\mingw64\libexec\git-core;C:\Program Files\Git\mingw64\bin;C:\Program Files\Git\usr\bin;C:\Users\Rucard\bin;D:\Work\QA_QC_proj\venv\Scripts;C:\Program Files (x86)\Common Files\Oracle\Java\javapath;C:\Windows\system32;C:\Windows;C:\Windows\System32\Wbem;C:\Windows\System32\WindowsPowerShell\v1.0;C:\Windows\System32\OpenSSH;C:\Program Files\NVIDIA Corporation\NVIDIA NvDLISR;C:\Program Files (x86)\NVIDIA Corporation\PhysX\Common;C:\Program Files\Microsoft SQL Server\150\Tools\Binn;C:\Program Files\Microsoft SQL Server\Client SDK\ODBC\170\Tools\Binn;C:\Program Files\dotnet;C:\Program Files (x86)\Bitvise SSH Client;C:\Program Files\Git\cmd;C:\Program Files\nodejs;C:\Program Files\Go\bin;C:\Program Files\Docker\Docker\resources\bin;C:\Program Files\Certbot\bin;C:\Users\Rucard\AppData\Local\Programs\Python\Python39\Scripts;C:\Users\Rucard\AppData\Local\Programs\Python\Python39;C:\Users\Rucard\AppData\Local\Microsoft\WindowsApps;C:\Users\Rucard\.dotnet\tools;C:\Users\Rucard\AppData\Roaming\npm;C:\Program Files\JetBrains\GoLand 2022.3.2\bin;C:\Program Files\JetBrains\PyCharm 2022.3.2\bin;C:\Program Files\JetBrains\WebStorm 2022.3.2\bin;C:\Users\Rucard\go\bin
USERNAME=Rucard
DISPLAY=:0.0
LC_ALL=en_US.UTF-8
TERM=xterm-256color
TMPDIR=C:\Temp
OS=Windows_NT
PROCESSOR_IDENTIFIER=Intel64 Family 6 Model 151 Stepping 2, GenuineIntel
TMP=C:\Temp
TEMP=C:\Temp



---------------  S Y S T E M  ---------------

OS:
 Windows 11 , 64 bit Build 22621 (10.0.22621.1485)
OS uptime: 0 days 2:25 hours
Hyper-V role detected

CPU: total 20 (initial active 20) (10 cores per cpu, 2 threads per core) family 6 model 151 stepping 2 microcode 0x1a, cx8, cmov, fxsr, ht, mmx, 3dnowpref, sse, sse2, sse3, ssse3, sse4.1, sse4.2, popcnt, lzcnt, tsc, tscinvbit, avx, avx2, aes, erms, clmul, bmi1, bmi2, adx, sha, fma, vzeroupper, clflush, clflushopt, clwb, hv

Memory: 4k page, system-wide physical 32541M (15199M free)
TotalPageFile size 40541M (AvailPageFile size 392M)
current process WorkingSet (physical memory assigned to process): 11M, peak: 11M
current process commit charge ("private bytes"): 75M, peak: 587M

vm_info: OpenJDK 64-Bit Server VM (17.0.5+1-b653.25) for windows-amd64 JRE (17.0.5+1-b653.25), built on 2023-01-04 by "builduser" with MS VC++ 16.10 / 16.11 (VS2019)

END.
